Performing C SOURCE FILE Test CMAKE_HAVE_LIBC_PTHREAD failed with the following output:
Change Dir: /home/yankai.yan/workbase/codeLib/refactor/build/CMakeFiles/CMakeTmp

Run Build Command(s):/usr/bin/make cmTC_67c33/fast && /usr/bin/make  -f CMakeFiles/cmTC_67c33.dir/build.make CMakeFiles/cmTC_67c33.dir/build
make[1]: Entering directory '/home/yankai.yan/workbase/codeLib/refactor/build/CMakeFiles/CMakeTmp'
Building C object CMakeFiles/cmTC_67c33.dir/src.c.o
/usr/bin/cc -DCMAKE_HAVE_LIBC_PTHREAD  -fpic  -o CMakeFiles/cmTC_67c33.dir/src.c.o -c /home/yankai.yan/workbase/codeLib/refactor/build/CMakeFiles/CMakeTmp/src.c
Linking C executable cmTC_67c33
/usr/local/bin/cmake -E cmake_link_script CMakeFiles/cmTC_67c33.dir/link.txt --verbose=1
/usr/bin/cc  -fpic  -rdynamic CMakeFiles/cmTC_67c33.dir/src.c.o -o cmTC_67c33 
CMakeFiles/cmTC_67c33.dir/src.c.o: In function `main':
src.c:(.text+0x3e): undefined reference to `pthread_create'
src.c:(.text+0x4a): undefined reference to `pthread_detach'
src.c:(.text+0x56): undefined reference to `pthread_cancel'
src.c:(.text+0x67): undefined reference to `pthread_join'
src.c:(.text+0x7b): undefined reference to `pthread_atfork'
collect2: error: ld returned 1 exit status
CMakeFiles/cmTC_67c33.dir/build.make:105: recipe for target 'cmTC_67c33' failed
make[1]: *** [cmTC_67c33] Error 1
make[1]: Leaving directory '/home/yankai.yan/workbase/codeLib/refactor/build/CMakeFiles/CMakeTmp'
Makefile:140: recipe for target 'cmTC_67c33/fast' failed
make: *** [cmTC_67c33/fast] Error 2


Source file was:
#include <pthread.h>

static void* test_func(void* data)
{
  return data;
}

int main(void)
{
  pthread_t thread;
  pthread_create(&thread, NULL, test_func, NULL);
  pthread_detach(thread);
  pthread_cancel(thread);
  pthread_join(thread, NULL);
  pthread_atfork(NULL, NULL, NULL);
  pthread_exit(NULL);

  return 0;
}

Determining if the function pthread_create exists in the pthreads failed with the following output:
Change Dir: /home/yankai.yan/workbase/codeLib/refactor/build/CMakeFiles/CMakeTmp

Run Build Command(s):/usr/bin/make cmTC_3fa88/fast && /usr/bin/make  -f CMakeFiles/cmTC_3fa88.dir/build.make CMakeFiles/cmTC_3fa88.dir/build
make[1]: Entering directory '/home/yankai.yan/workbase/codeLib/refactor/build/CMakeFiles/CMakeTmp'
Building C object CMakeFiles/cmTC_3fa88.dir/CheckFunctionExists.c.o
/usr/bin/cc   -fpic -DCHECK_FUNCTION_EXISTS=pthread_create -o CMakeFiles/cmTC_3fa88.dir/CheckFunctionExists.c.o -c /usr/local/share/cmake-3.19/Modules/CheckFunctionExists.c
Linking C executable cmTC_3fa88
/usr/local/bin/cmake -E cmake_link_script CMakeFiles/cmTC_3fa88.dir/link.txt --verbose=1
/usr/bin/cc  -fpic -DCHECK_FUNCTION_EXISTS=pthread_create -rdynamic CMakeFiles/cmTC_3fa88.dir/CheckFunctionExists.c.o -o cmTC_3fa88  -lpthreads 
/usr/bin/ld: cannot find -lpthreads
collect2: error: ld returned 1 exit status
CMakeFiles/cmTC_3fa88.dir/build.make:105: recipe for target 'cmTC_3fa88' failed
make[1]: *** [cmTC_3fa88] Error 1
make[1]: Leaving directory '/home/yankai.yan/workbase/codeLib/refactor/build/CMakeFiles/CMakeTmp'
Makefile:140: recipe for target 'cmTC_3fa88/fast' failed
make: *** [cmTC_3fa88/fast] Error 2



Determining if the include file unordered_map exists failed with the following output:
Change Dir: /home/yankai.yan/workbase/codeLib/refactor/build/CMakeFiles/CMakeTmp

Run Build Command(s):/usr/bin/make cmTC_574c9/fast && /usr/bin/make  -f CMakeFiles/cmTC_574c9.dir/build.make CMakeFiles/cmTC_574c9.dir/build
make[1]: Entering directory '/home/yankai.yan/workbase/codeLib/refactor/build/CMakeFiles/CMakeTmp'
Building CXX object CMakeFiles/cmTC_574c9.dir/CheckIncludeFile.cxx.o
/usr/bin/c++   -fpic  -o CMakeFiles/cmTC_574c9.dir/CheckIncludeFile.cxx.o -c /home/yankai.yan/workbase/codeLib/refactor/build/CMakeFiles/CMakeTmp/CheckIncludeFile.cxx
In file included from /usr/include/c++/5/unordered_map:35:0,
                 from /home/yankai.yan/workbase/codeLib/refactor/build/CMakeFiles/CMakeTmp/CheckIncludeFile.cxx:1:
/usr/include/c++/5/bits/c++0x_warning.h:32:2: error: #error This file requires compiler and library support for the ISO C++ 2011 standard. This support must be enabled with the -std=c++11 or -std=gnu++11 compiler options.
 #error This file requires compiler and library support \
  ^
CMakeFiles/cmTC_574c9.dir/build.make:84: recipe for target 'CMakeFiles/cmTC_574c9.dir/CheckIncludeFile.cxx.o' failed
make[1]: *** [CMakeFiles/cmTC_574c9.dir/CheckIncludeFile.cxx.o] Error 1
make[1]: Leaving directory '/home/yankai.yan/workbase/codeLib/refactor/build/CMakeFiles/CMakeTmp'
Makefile:140: recipe for target 'cmTC_574c9/fast' failed
make: *** [cmTC_574c9/fast] Error 2



Determining if the include file unordered_set exists failed with the following output:
Change Dir: /home/yankai.yan/workbase/codeLib/refactor/build/CMakeFiles/CMakeTmp

Run Build Command(s):/usr/bin/make cmTC_d56aa/fast && /usr/bin/make  -f CMakeFiles/cmTC_d56aa.dir/build.make CMakeFiles/cmTC_d56aa.dir/build
make[1]: Entering directory '/home/yankai.yan/workbase/codeLib/refactor/build/CMakeFiles/CMakeTmp'
Building CXX object CMakeFiles/cmTC_d56aa.dir/CheckIncludeFile.cxx.o
/usr/bin/c++   -fpic  -o CMakeFiles/cmTC_d56aa.dir/CheckIncludeFile.cxx.o -c /home/yankai.yan/workbase/codeLib/refactor/build/CMakeFiles/CMakeTmp/CheckIncludeFile.cxx
In file included from /usr/include/c++/5/unordered_set:35:0,
                 from /home/yankai.yan/workbase/codeLib/refactor/build/CMakeFiles/CMakeTmp/CheckIncludeFile.cxx:1:
/usr/include/c++/5/bits/c++0x_warning.h:32:2: error: #error This file requires compiler and library support for the ISO C++ 2011 standard. This support must be enabled with the -std=c++11 or -std=gnu++11 compiler options.
 #error This file requires compiler and library support \
  ^
CMakeFiles/cmTC_d56aa.dir/build.make:84: recipe for target 'CMakeFiles/cmTC_d56aa.dir/CheckIncludeFile.cxx.o' failed
make[1]: *** [CMakeFiles/cmTC_d56aa.dir/CheckIncludeFile.cxx.o] Error 1
make[1]: Leaving directory '/home/yankai.yan/workbase/codeLib/refactor/build/CMakeFiles/CMakeTmp'
Makefile:140: recipe for target 'cmTC_d56aa/fast' failed
make: *** [cmTC_d56aa/fast] Error 2



Determining size of unsigned __int16 failed with the following output:
Change Dir: /home/yankai.yan/workbase/codeLib/refactor/build/CMakeFiles/CMakeTmp

Run Build Command(s):/usr/bin/make cmTC_3d161/fast && /usr/bin/make  -f CMakeFiles/cmTC_3d161.dir/build.make CMakeFiles/cmTC_3d161.dir/build
make[1]: Entering directory '/home/yankai.yan/workbase/codeLib/refactor/build/CMakeFiles/CMakeTmp'
Building C object CMakeFiles/cmTC_3d161.dir/HAVE___UINT16.c.o
/usr/bin/cc   -fpic  -o CMakeFiles/cmTC_3d161.dir/HAVE___UINT16.c.o -c /home/yankai.yan/workbase/codeLib/refactor/build/CMakeFiles/CheckTypeSize/HAVE___UINT16.c
/home/yankai.yan/workbase/codeLib/refactor/build/CMakeFiles/CheckTypeSize/HAVE___UINT16.c:27:31: error: expected ‘)’ before ‘__int16’
 #define SIZE (sizeof(unsigned __int16))
                               ^
/home/yankai.yan/workbase/codeLib/refactor/build/CMakeFiles/CheckTypeSize/HAVE___UINT16.c:29:12: note: in expansion of macro ‘SIZE’
   ('0' + ((SIZE / 10000)%10)),
            ^
/home/yankai.yan/workbase/codeLib/refactor/build/CMakeFiles/CheckTypeSize/HAVE___UINT16.c:27:31: error: expected ‘)’ before ‘__int16’
 #define SIZE (sizeof(unsigned __int16))
                               ^
/home/yankai.yan/workbase/codeLib/refactor/build/CMakeFiles/CheckTypeSize/HAVE___UINT16.c:30:12: note: in expansion of macro ‘SIZE’
   ('0' + ((SIZE / 1000)%10)),
            ^
/home/yankai.yan/workbase/codeLib/refactor/build/CMakeFiles/CheckTypeSize/HAVE___UINT16.c:27:31: error: expected ‘)’ before ‘__int16’
 #define SIZE (sizeof(unsigned __int16))
                               ^
/home/yankai.yan/workbase/codeLib/refactor/build/CMakeFiles/CheckTypeSize/HAVE___UINT16.c:31:12: note: in expansion of macro ‘SIZE’
   ('0' + ((SIZE / 100)%10)),
            ^
/home/yankai.yan/workbase/codeLib/refactor/build/CMakeFiles/CheckTypeSize/HAVE___UINT16.c:27:31: error: expected ‘)’ before ‘__int16’
 #define SIZE (sizeof(unsigned __int16))
                               ^
/home/yankai.yan/workbase/codeLib/refactor/build/CMakeFiles/CheckTypeSize/HAVE___UINT16.c:32:12: note: in expansion of macro ‘SIZE’
   ('0' + ((SIZE / 10)%10)),
            ^
/home/yankai.yan/workbase/codeLib/refactor/build/CMakeFiles/CheckTypeSize/HAVE___UINT16.c:27:31: error: expected ‘)’ before ‘__int16’
 #define SIZE (sizeof(unsigned __int16))
                               ^
/home/yankai.yan/workbase/codeLib/refactor/build/CMakeFiles/CheckTypeSize/HAVE___UINT16.c:33:12: note: in expansion of macro ‘SIZE’
   ('0' +  (SIZE    % 10)),
            ^
CMakeFiles/cmTC_3d161.dir/build.make:84: recipe for target 'CMakeFiles/cmTC_3d161.dir/HAVE___UINT16.c.o' failed
make[1]: *** [CMakeFiles/cmTC_3d161.dir/HAVE___UINT16.c.o] Error 1
make[1]: Leaving directory '/home/yankai.yan/workbase/codeLib/refactor/build/CMakeFiles/CMakeTmp'
Makefile:140: recipe for target 'cmTC_3d161/fast' failed
make: *** [cmTC_3d161/fast] Error 2


/home/yankai.yan/workbase/codeLib/refactor/build/CMakeFiles/CheckTypeSize/HAVE___UINT16.c:
#include <sys/types.h>
#include <stdint.h>
#include <stddef.h>


#undef KEY
#if defined(__i386)
# define KEY '_','_','i','3','8','6'
#elif defined(__x86_64)
# define KEY '_','_','x','8','6','_','6','4'
#elif defined(__PPC64__)
# define KEY '_','_','P','P','C','6','4','_','_'
#elif defined(__ppc64__)
# define KEY '_','_','p','p','c','6','4','_','_'
#elif defined(__PPC__)
# define KEY '_','_','P','P','C','_','_'
#elif defined(__ppc__)
# define KEY '_','_','p','p','c','_','_'
#elif defined(__aarch64__)
# define KEY '_','_','a','a','r','c','h','6','4','_','_'
#elif defined(__ARM_ARCH_7A__)
# define KEY '_','_','A','R','M','_','A','R','C','H','_','7','A','_','_'
#elif defined(__ARM_ARCH_7S__)
# define KEY '_','_','A','R','M','_','A','R','C','H','_','7','S','_','_'
#endif

#define SIZE (sizeof(unsigned __int16))
static char info_size[] =  {'I', 'N', 'F', 'O', ':', 's','i','z','e','[',
  ('0' + ((SIZE / 10000)%10)),
  ('0' + ((SIZE / 1000)%10)),
  ('0' + ((SIZE / 100)%10)),
  ('0' + ((SIZE / 10)%10)),
  ('0' +  (SIZE    % 10)),
  ']',
#ifdef KEY
  ' ','k','e','y','[', KEY, ']',
#endif
  '\0'};

#ifdef __CLASSIC_C__
int main(argc, argv) int argc; char *argv[];
#else
int main(int argc, char *argv[])
#endif
{
  int require = 0;
  require += info_size[argc];
  (void)argv;
  return require;
}


Determining if the function dladdr exists failed with the following output:
Change Dir: /home/yankai.yan/workbase/codeLib/refactor/build/CMakeFiles/CMakeTmp

Run Build Command(s):/usr/bin/make cmTC_7a253/fast && /usr/bin/make  -f CMakeFiles/cmTC_7a253.dir/build.make CMakeFiles/cmTC_7a253.dir/build
make[1]: Entering directory '/home/yankai.yan/workbase/codeLib/refactor/build/CMakeFiles/CMakeTmp'
Building C object CMakeFiles/cmTC_7a253.dir/CheckFunctionExists.c.o
/usr/bin/cc   -fpic -DCHECK_FUNCTION_EXISTS=dladdr -o CMakeFiles/cmTC_7a253.dir/CheckFunctionExists.c.o -c /usr/local/share/cmake-3.19/Modules/CheckFunctionExists.c
Linking C executable cmTC_7a253
/usr/local/bin/cmake -E cmake_link_script CMakeFiles/cmTC_7a253.dir/link.txt --verbose=1
/usr/bin/cc  -fpic -DCHECK_FUNCTION_EXISTS=dladdr -rdynamic CMakeFiles/cmTC_7a253.dir/CheckFunctionExists.c.o -o cmTC_7a253 
CMakeFiles/cmTC_7a253.dir/CheckFunctionExists.c.o: In function `main':
CheckFunctionExists.c:(.text+0x10): undefined reference to `dladdr'
collect2: error: ld returned 1 exit status
CMakeFiles/cmTC_7a253.dir/build.make:105: recipe for target 'cmTC_7a253' failed
make[1]: *** [cmTC_7a253] Error 1
make[1]: Leaving directory '/home/yankai.yan/workbase/codeLib/refactor/build/CMakeFiles/CMakeTmp'
Makefile:140: recipe for target 'cmTC_7a253/fast' failed
make: *** [cmTC_7a253/fast] Error 2



Performing C++ SOURCE FILE Test HAVE_NO_UNNAMED_TYPE_TEMPLATE_ARGS failed with the following output:
Change Dir: /home/yankai.yan/workbase/codeLib/refactor/build/CMakeFiles/CMakeTmp

Run Build Command(s):/usr/bin/make cmTC_c028e/fast && /usr/bin/make  -f CMakeFiles/cmTC_c028e.dir/build.make CMakeFiles/cmTC_c028e.dir/build
make[1]: Entering directory '/home/yankai.yan/workbase/codeLib/refactor/build/CMakeFiles/CMakeTmp'
Building CXX object CMakeFiles/cmTC_c028e.dir/src.cxx.o
/usr/bin/c++ -DHAVE_NO_UNNAMED_TYPE_TEMPLATE_ARGS  -fpic    -Wunnamed-type-template-args -o CMakeFiles/cmTC_c028e.dir/src.cxx.o -c /home/yankai.yan/workbase/codeLib/refactor/build/CMakeFiles/CMakeTmp/src.cxx
c++: error: unrecognized command line option '-Wunnamed-type-template-args'
CMakeFiles/cmTC_c028e.dir/build.make:84: recipe for target 'CMakeFiles/cmTC_c028e.dir/src.cxx.o' failed
make[1]: *** [CMakeFiles/cmTC_c028e.dir/src.cxx.o] Error 1
make[1]: Leaving directory '/home/yankai.yan/workbase/codeLib/refactor/build/CMakeFiles/CMakeTmp'
Makefile:140: recipe for target 'cmTC_c028e/fast' failed
make: *** [cmTC_c028e/fast] Error 2


Source file was:
int main() { return 0; }
Determining if the function UnDecorateSymbolName exists in the dbghelp failed with the following output:
Change Dir: /home/yankai.yan/workbase/codeLib/refactor/build/CMakeFiles/CMakeTmp

Run Build Command(s):/usr/bin/make cmTC_98d6b/fast && /usr/bin/make  -f CMakeFiles/cmTC_98d6b.dir/build.make CMakeFiles/cmTC_98d6b.dir/build
make[1]: Entering directory '/home/yankai.yan/workbase/codeLib/refactor/build/CMakeFiles/CMakeTmp'
Building C object CMakeFiles/cmTC_98d6b.dir/CheckFunctionExists.c.o
/usr/bin/cc   -fpic -DCHECK_FUNCTION_EXISTS=UnDecorateSymbolName -o CMakeFiles/cmTC_98d6b.dir/CheckFunctionExists.c.o -c /usr/local/share/cmake-3.19/Modules/CheckFunctionExists.c
Linking C executable cmTC_98d6b
/usr/local/bin/cmake -E cmake_link_script CMakeFiles/cmTC_98d6b.dir/link.txt --verbose=1
/usr/bin/cc  -fpic -DCHECK_FUNCTION_EXISTS=UnDecorateSymbolName -rdynamic CMakeFiles/cmTC_98d6b.dir/CheckFunctionExists.c.o -o cmTC_98d6b  -ldbghelp 
/usr/bin/ld: cannot find -ldbghelp
collect2: error: ld returned 1 exit status
CMakeFiles/cmTC_98d6b.dir/build.make:105: recipe for target 'cmTC_98d6b' failed
make[1]: *** [cmTC_98d6b] Error 1
make[1]: Leaving directory '/home/yankai.yan/workbase/codeLib/refactor/build/CMakeFiles/CMakeTmp'
Makefile:140: recipe for target 'cmTC_98d6b/fast' failed
make: *** [cmTC_98d6b/fast] Error 2



Performing C SOURCE FILE Test HAVE_RWLOCK failed with the following output:
Change Dir: /home/yankai.yan/workbase/codeLib/refactor/build/CMakeFiles/CMakeTmp

Run Build Command(s):/usr/bin/make cmTC_9cf24/fast && /usr/bin/make  -f CMakeFiles/cmTC_9cf24.dir/build.make CMakeFiles/cmTC_9cf24.dir/build
make[1]: Entering directory '/home/yankai.yan/workbase/codeLib/refactor/build/CMakeFiles/CMakeTmp'
Building C object CMakeFiles/cmTC_9cf24.dir/src.c.o
/usr/bin/cc -DHAVE_RWLOCK  -fpic  -o CMakeFiles/cmTC_9cf24.dir/src.c.o -c /home/yankai.yan/workbase/codeLib/refactor/build/CMakeFiles/CMakeTmp/src.c
Linking C executable cmTC_9cf24
/usr/local/bin/cmake -E cmake_link_script CMakeFiles/cmTC_9cf24.dir/link.txt --verbose=1
/usr/bin/cc  -fpic  -rdynamic CMakeFiles/cmTC_9cf24.dir/src.c.o -o cmTC_9cf24 
CMakeFiles/cmTC_9cf24.dir/src.c.o: In function `main':
src.c:(.text+0x24): undefined reference to `pthread_rwlock_init'
src.c:(.text+0x30): undefined reference to `pthread_rwlock_rdlock'
collect2: error: ld returned 1 exit status
CMakeFiles/cmTC_9cf24.dir/build.make:105: recipe for target 'cmTC_9cf24' failed
make[1]: *** [cmTC_9cf24] Error 1
make[1]: Leaving directory '/home/yankai.yan/workbase/codeLib/refactor/build/CMakeFiles/CMakeTmp'
Makefile:140: recipe for target 'cmTC_9cf24/fast' failed
make: *** [cmTC_9cf24/fast] Error 2


Source file was:

#define _XOPEN_SOURCE 500
#include <pthread.h>
int main(void)
{
  pthread_rwlock_t l;
  pthread_rwlock_init(&l, NULL);
  pthread_rwlock_rdlock(&l);
  return 0;
}

Performing C SOURCE FILE Test HAVE___DECLSPEC failed with the following output:
Change Dir: /home/yankai.yan/workbase/codeLib/refactor/build/CMakeFiles/CMakeTmp

Run Build Command(s):/usr/bin/make cmTC_cb42f/fast && /usr/bin/make  -f CMakeFiles/cmTC_cb42f.dir/build.make CMakeFiles/cmTC_cb42f.dir/build
make[1]: Entering directory '/home/yankai.yan/workbase/codeLib/refactor/build/CMakeFiles/CMakeTmp'
Building C object CMakeFiles/cmTC_cb42f.dir/src.c.o
/usr/bin/cc -DHAVE___DECLSPEC  -fpic  -o CMakeFiles/cmTC_cb42f.dir/src.c.o -c /home/yankai.yan/workbase/codeLib/refactor/build/CMakeFiles/CMakeTmp/src.c
/home/yankai.yan/workbase/codeLib/refactor/build/CMakeFiles/CMakeTmp/src.c:2:1: warning: return type defaults to ‘int’ [-Wimplicit-int]
 __declspec(selectany) int a;
 ^
/home/yankai.yan/workbase/codeLib/refactor/build/CMakeFiles/CMakeTmp/src.c: In function ‘__declspec’:
/home/yankai.yan/workbase/codeLib/refactor/build/CMakeFiles/CMakeTmp/src.c:3:16: error: expected ‘=’, ‘,’, ‘;’, ‘asm’ or ‘__attribute__’ before ‘{’ token
 int main(void) { return 0; }
                ^
/home/yankai.yan/workbase/codeLib/refactor/build/CMakeFiles/CMakeTmp/src.c:2:1: warning: type of ‘selectany’ defaults to ‘int’ [-Wimplicit-int]
 __declspec(selectany) int a;
 ^
/home/yankai.yan/workbase/codeLib/refactor/build/CMakeFiles/CMakeTmp/src.c:2:27: error: declaration for parameter ‘a’ but no such parameter
 __declspec(selectany) int a;
                           ^
/home/yankai.yan/workbase/codeLib/refactor/build/CMakeFiles/CMakeTmp/src.c:3:16: error: expected ‘{’ at end of input
 int main(void) { return 0; }
                ^
CMakeFiles/cmTC_cb42f.dir/build.make:84: recipe for target 'CMakeFiles/cmTC_cb42f.dir/src.c.o' failed
make[1]: *** [CMakeFiles/cmTC_cb42f.dir/src.c.o] Error 1
make[1]: Leaving directory '/home/yankai.yan/workbase/codeLib/refactor/build/CMakeFiles/CMakeTmp'
Makefile:140: recipe for target 'cmTC_cb42f/fast' failed
make: *** [cmTC_cb42f/fast] Error 2


Source file was:

__declspec(selectany) int a;
int main(void) { return 0; }

Performing C++ SOURCE FILE Test STL_NO_NAMESPACE failed with the following output:
Change Dir: /home/yankai.yan/workbase/codeLib/refactor/build/CMakeFiles/CMakeTmp

Run Build Command(s):/usr/bin/make cmTC_9400c/fast && /usr/bin/make  -f CMakeFiles/cmTC_9400c.dir/build.make CMakeFiles/cmTC_9400c.dir/build
make[1]: Entering directory '/home/yankai.yan/workbase/codeLib/refactor/build/CMakeFiles/CMakeTmp'
Building CXX object CMakeFiles/cmTC_9400c.dir/src.cxx.o
/usr/bin/c++ -DSTL_NO_NAMESPACE  -fpic  -o CMakeFiles/cmTC_9400c.dir/src.cxx.o -c /home/yankai.yan/workbase/codeLib/refactor/build/CMakeFiles/CMakeTmp/src.cxx
/home/yankai.yan/workbase/codeLib/refactor/build/CMakeFiles/CMakeTmp/src.cxx:3:1: error: ‘vector’ does not name a type
 vector<int> t; int main() { }
 ^
CMakeFiles/cmTC_9400c.dir/build.make:84: recipe for target 'CMakeFiles/cmTC_9400c.dir/src.cxx.o' failed
make[1]: *** [CMakeFiles/cmTC_9400c.dir/src.cxx.o] Error 1
make[1]: Leaving directory '/home/yankai.yan/workbase/codeLib/refactor/build/CMakeFiles/CMakeTmp'
Makefile:140: recipe for target 'cmTC_9400c/fast' failed
make: *** [cmTC_9400c/fast] Error 2


Source file was:

#include <vector>
vector<int> t; int main() { }

Performing C++ SOURCE FILE Test HAVE_MSVC_TLS failed with the following output:
Change Dir: /home/yankai.yan/workbase/codeLib/refactor/build/CMakeFiles/CMakeTmp

Run Build Command(s):/usr/bin/make cmTC_2d6c9/fast && /usr/bin/make  -f CMakeFiles/cmTC_2d6c9.dir/build.make CMakeFiles/cmTC_2d6c9.dir/build
make[1]: Entering directory '/home/yankai.yan/workbase/codeLib/refactor/build/CMakeFiles/CMakeTmp'
Building CXX object CMakeFiles/cmTC_2d6c9.dir/src.cxx.o
/usr/bin/c++ -DHAVE_MSVC_TLS  -fpic  -o CMakeFiles/cmTC_2d6c9.dir/src.cxx.o -c /home/yankai.yan/workbase/codeLib/refactor/build/CMakeFiles/CMakeTmp/src.cxx
/home/yankai.yan/workbase/codeLib/refactor/build/CMakeFiles/CMakeTmp/src.cxx:2:11: error: expected constructor, destructor, or type conversion before ‘(’ token
 __declspec(thread) int tls;
           ^
CMakeFiles/cmTC_2d6c9.dir/build.make:84: recipe for target 'CMakeFiles/cmTC_2d6c9.dir/src.cxx.o' failed
make[1]: *** [CMakeFiles/cmTC_2d6c9.dir/src.cxx.o] Error 1
make[1]: Leaving directory '/home/yankai.yan/workbase/codeLib/refactor/build/CMakeFiles/CMakeTmp'
Makefile:140: recipe for target 'cmTC_2d6c9/fast' failed
make: *** [cmTC_2d6c9/fast] Error 2


Source file was:

__declspec(thread) int tls;
int main() { }

Performing C++ SOURCE FILE Test HAVE_CXX11_TLS failed with the following output:
Change Dir: /home/yankai.yan/workbase/codeLib/refactor/build/CMakeFiles/CMakeTmp

Run Build Command(s):/usr/bin/make cmTC_0b6f5/fast && /usr/bin/make  -f CMakeFiles/cmTC_0b6f5.dir/build.make CMakeFiles/cmTC_0b6f5.dir/build
make[1]: Entering directory '/home/yankai.yan/workbase/codeLib/refactor/build/CMakeFiles/CMakeTmp'
Building CXX object CMakeFiles/cmTC_0b6f5.dir/src.cxx.o
/usr/bin/c++ -DHAVE_CXX11_TLS  -fpic  -o CMakeFiles/cmTC_0b6f5.dir/src.cxx.o -c /home/yankai.yan/workbase/codeLib/refactor/build/CMakeFiles/CMakeTmp/src.cxx
/home/yankai.yan/workbase/codeLib/refactor/build/CMakeFiles/CMakeTmp/src.cxx:2:1: error: ‘thread_local’ does not name a type
 thread_local int tls;
 ^
/home/yankai.yan/workbase/codeLib/refactor/build/CMakeFiles/CMakeTmp/src.cxx:2:1: note: C++11 ‘thread_local’ only available with -std=c++11 or -std=gnu++11
CMakeFiles/cmTC_0b6f5.dir/build.make:84: recipe for target 'CMakeFiles/cmTC_0b6f5.dir/src.cxx.o' failed
make[1]: *** [CMakeFiles/cmTC_0b6f5.dir/src.cxx.o] Error 1
make[1]: Leaving directory '/home/yankai.yan/workbase/codeLib/refactor/build/CMakeFiles/CMakeTmp'
Makefile:140: recipe for target 'cmTC_0b6f5/fast' failed
make: *** [cmTC_0b6f5/fast] Error 2


Source file was:

thread_local int tls;
int main() { }

Performing C++ SOURCE FILE Test HAVE_ALIGNED_STORAGE failed with the following output:
Change Dir: /home/yankai.yan/workbase/codeLib/refactor/build/CMakeFiles/CMakeTmp

Run Build Command(s):/usr/bin/make cmTC_e32f1/fast && /usr/bin/make  -f CMakeFiles/cmTC_e32f1.dir/build.make CMakeFiles/cmTC_e32f1.dir/build
make[1]: Entering directory '/home/yankai.yan/workbase/codeLib/refactor/build/CMakeFiles/CMakeTmp'
Building CXX object CMakeFiles/cmTC_e32f1.dir/src.cxx.o
/usr/bin/c++ -DHAVE_ALIGNED_STORAGE  -fpic  -o CMakeFiles/cmTC_e32f1.dir/src.cxx.o -c /home/yankai.yan/workbase/codeLib/refactor/build/CMakeFiles/CMakeTmp/src.cxx
In file included from /usr/include/c++/5/type_traits:35:0,
                 from /home/yankai.yan/workbase/codeLib/refactor/build/CMakeFiles/CMakeTmp/src.cxx:2:
/usr/include/c++/5/bits/c++0x_warning.h:32:2: error: #error This file requires compiler and library support for the ISO C++ 2011 standard. This support must be enabled with the -std=c++11 or -std=gnu++11 compiler options.
 #error This file requires compiler and library support \
  ^
/home/yankai.yan/workbase/codeLib/refactor/build/CMakeFiles/CMakeTmp/src.cxx:3:6: error: ‘aligned_storage’ in namespace ‘std’ does not name a template type
 std::aligned_storage<sizeof(char), alignof(char)>::type data;
      ^
CMakeFiles/cmTC_e32f1.dir/build.make:84: recipe for target 'CMakeFiles/cmTC_e32f1.dir/src.cxx.o' failed
make[1]: *** [CMakeFiles/cmTC_e32f1.dir/src.cxx.o] Error 1
make[1]: Leaving directory '/home/yankai.yan/workbase/codeLib/refactor/build/CMakeFiles/CMakeTmp'
Makefile:140: recipe for target 'cmTC_e32f1/fast' failed
make: *** [cmTC_e32f1/fast] Error 2


Source file was:

#include <type_traits>
std::aligned_storage<sizeof(char), alignof(char)>::type data;
int main() { }

Performing C++ SOURCE FILE Test HAVE_CXX11_ATOMIC failed with the following output:
Change Dir: /home/yankai.yan/workbase/codeLib/refactor/build/CMakeFiles/CMakeTmp

Run Build Command(s):/usr/bin/make cmTC_5a073/fast && /usr/bin/make  -f CMakeFiles/cmTC_5a073.dir/build.make CMakeFiles/cmTC_5a073.dir/build
make[1]: Entering directory '/home/yankai.yan/workbase/codeLib/refactor/build/CMakeFiles/CMakeTmp'
Building CXX object CMakeFiles/cmTC_5a073.dir/src.cxx.o
/usr/bin/c++ -DHAVE_CXX11_ATOMIC  -fpic  -o CMakeFiles/cmTC_5a073.dir/src.cxx.o -c /home/yankai.yan/workbase/codeLib/refactor/build/CMakeFiles/CMakeTmp/src.cxx
In file included from /usr/include/c++/5/atomic:38:0,
                 from /home/yankai.yan/workbase/codeLib/refactor/build/CMakeFiles/CMakeTmp/src.cxx:2:
/usr/include/c++/5/bits/c++0x_warning.h:32:2: error: #error This file requires compiler and library support for the ISO C++ 2011 standard. This support must be enabled with the -std=c++11 or -std=gnu++11 compiler options.
 #error This file requires compiler and library support \
  ^
/home/yankai.yan/workbase/codeLib/refactor/build/CMakeFiles/CMakeTmp/src.cxx:3:6: error: ‘atomic’ in namespace ‘std’ does not name a template type
 std::atomic<int> i;
      ^
CMakeFiles/cmTC_5a073.dir/build.make:84: recipe for target 'CMakeFiles/cmTC_5a073.dir/src.cxx.o' failed
make[1]: *** [CMakeFiles/cmTC_5a073.dir/src.cxx.o] Error 1
make[1]: Leaving directory '/home/yankai.yan/workbase/codeLib/refactor/build/CMakeFiles/CMakeTmp'
Makefile:140: recipe for target 'cmTC_5a073/fast' failed
make: *** [cmTC_5a073/fast] Error 2


Source file was:

#include <atomic>
std::atomic<int> i;
int main() { }

